[debug] [2020-11-28T13:08:13.575Z] ----------------------------------------------------------------------
[debug] [2020-11-28T13:08:13.577Z] Command:       C:\Program Files\nodejs\node.exe C:\Users\mfenn\AppData\Roaming\npm\node_modules\firebase-tools\lib\bin\firebase.js deploy --only functions --debug
[debug] [2020-11-28T13:08:13.578Z] CLI Version:   8.16.2
[debug] [2020-11-28T13:08:13.578Z] Platform:      win32
[debug] [2020-11-28T13:08:13.578Z] Node Version:  v10.13.0
[debug] [2020-11-28T13:08:13.579Z] Time:          Sat Nov 28 2020 13:08:13 GMT+0000 (Greenwich Mean Time)
[debug] [2020-11-28T13:08:13.580Z] ----------------------------------------------------------------------
[debug] [2020-11-28T13:08:13.580Z] 
[debug] [2020-11-28T13:08:13.594Z] > command requires scopes: ["email","openid","https://www.googleapis.com/auth/cloudplatformprojects.readonly","https://www.googleapis.com/auth/firebase","https://www.googleapis.com/auth/cloud-platform"]
[debug] [2020-11-28T13:08:13.596Z] > authorizing via signed-in user
[debug] [2020-11-28T13:08:13.597Z] [iam] checking project fennell-secret-santa for permissions ["cloudfunctions.functions.create","cloudfunctions.functions.delete","cloudfunctions.functions.get","cloudfunctions.functions.list","cloudfunctions.functions.update","cloudfunctions.operations.get","firebase.projects.get"]
[debug] [2020-11-28T13:08:13.604Z] >>> HTTP REQUEST POST https://cloudresourcemanager.googleapis.com/v1/projects/fennell-secret-santa:testIamPermissions  
 {"permissions":["cloudfunctions.functions.create","cloudfunctions.functions.delete","cloudfunctions.functions.get","cloudfunctions.functions.list","cloudfunctions.functions.update","cloudfunctions.operations.get","firebase.projects.get"]}
[debug] [2020-11-28T13:08:14.309Z] <<< HTTP RESPONSE 200 {"content-type":"application/json; charset=UTF-8","vary":"X-Origin, Referer, Origin,Accept-Encoding","date":"Sat, 28 Nov 2020 13:08:14 GMT","server":"ESF","cache-control":"private","x-xss-protection":"0","x-frame-options":"SAMEORIGIN","x-content-type-options":"nosniff","server-timing":"gfet4t7; dur=559","alt-svc":"h3-29=\":443\"; ma=2592000,h3-T051=\":443\"; ma=2592000,h3-Q050=\":443\"; ma=2592000,h3-Q046=\":443\"; ma=2592000,h3-Q043=\":443\"; ma=2592000,quic=\":443\"; ma=2592000; v=\"46,43\"","accept-ranges":"none","transfer-encoding":"chunked"}
[debug] [2020-11-28T13:08:14.325Z] >>> HTTP REQUEST POST https://iam.googleapis.com/v1/projects/fennell-secret-santa/serviceAccounts/fennell-secret-santa@appspot.gserviceaccount.com:testIamPermissions  
 {"permissions":["iam.serviceAccounts.actAs"]}
[debug] [2020-11-28T13:08:14.731Z] <<< HTTP RESPONSE 200 {"content-type":"application/json; charset=UTF-8","vary":"X-Origin, Referer, Origin,Accept-Encoding","date":"Sat, 28 Nov 2020 13:08:14 GMT","server":"ESF","cache-control":"private","x-xss-protection":"0","x-frame-options":"SAMEORIGIN","x-content-type-options":"nosniff","alt-svc":"h3-29=\":443\"; ma=2592000,h3-T051=\":443\"; ma=2592000,h3-Q050=\":443\"; ma=2592000,h3-Q046=\":443\"; ma=2592000,h3-Q043=\":443\"; ma=2592000,quic=\":443\"; ma=2592000; v=\"46,43\"","accept-ranges":"none","transfer-encoding":"chunked"}
[info] 
[info] === Deploying to 'fennell-secret-santa'...
[info] 
[info] i  deploying functions 
[debug] [2020-11-28T13:08:21.005Z] > [functions] package.json contents: {
  "name": "functions",
  "description": "Cloud Functions for Firebase",
  "scripts": {
    "lint": "eslint .",
    "serve": "firebase emulators:start --only functions",
    "shell": "firebase functions:shell",
    "start": "npm run shell",
    "deploy": "firebase deploy --only functions",
    "logs": "firebase functions:log"
  },
  "engines": {
    "node": "12"
  },
  "main": "index.js",
  "dependencies": {
    "firebase-admin": "^9.2.0",
    "firebase-functions": "^3.11.0"
  },
  "devDependencies": {
    "eslint": "^5.12.0",
    "eslint-plugin-promise": "^4.0.1",
    "firebase-functions-test": "^0.2.0"
  },
  "private": true
}
[info] i  functions: ensuring required API cloudfunctions.googleapis.com is enabled... 
[info] i  functions: ensuring required API cloudbuild.googleapis.com is enabled... 
[debug] [2020-11-28T13:08:24.978Z] >>> HTTP REQUEST GET https://serviceusage.googleapis.com/v1/projects/fennell-secret-santa/services/cloudfunctions.googleapis.com  
 
[debug] [2020-11-28T13:08:24.979Z] >>> HTTP REQUEST GET https://serviceusage.googleapis.com/v1/projects/fennell-secret-santa/services/runtimeconfig.googleapis.com  
 
[debug] [2020-11-28T13:08:24.981Z] >>> HTTP REQUEST GET https://serviceusage.googleapis.com/v1/projects/fennell-secret-santa/services/cloudbuild.googleapis.com  
 
[debug] [2020-11-28T13:08:25.892Z] <<< HTTP RESPONSE 200 {"content-type":"application/json; charset=UTF-8","vary":"X-Origin, Referer, Origin,Accept-Encoding","date":"Sat, 28 Nov 2020 13:08:25 GMT","server":"ESF","cache-control":"private","x-xss-protection":"0","x-frame-options":"SAMEORIGIN","x-content-type-options":"nosniff","alt-svc":"h3-29=\":443\"; ma=2592000,h3-T051=\":443\"; ma=2592000,h3-Q050=\":443\"; ma=2592000,h3-Q046=\":443\"; ma=2592000,h3-Q043=\":443\"; ma=2592000,quic=\":443\"; ma=2592000; v=\"46,43\"","accept-ranges":"none","transfer-encoding":"chunked"}
[info] +  functions: required API cloudbuild.googleapis.com is enabled 
[debug] [2020-11-28T13:08:25.917Z] <<< HTTP RESPONSE 200 {"content-type":"application/json; charset=UTF-8","vary":"X-Origin, Referer, Origin,Accept-Encoding","date":"Sat, 28 Nov 2020 13:08:25 GMT","server":"ESF","cache-control":"private","x-xss-protection":"0","x-frame-options":"SAMEORIGIN","x-content-type-options":"nosniff","alt-svc":"h3-29=\":443\"; ma=2592000,h3-T051=\":443\"; ma=2592000,h3-Q050=\":443\"; ma=2592000,h3-Q046=\":443\"; ma=2592000,h3-Q043=\":443\"; ma=2592000,quic=\":443\"; ma=2592000; v=\"46,43\"","accept-ranges":"none","transfer-encoding":"chunked"}
[info] +  functions: required API cloudfunctions.googleapis.com is enabled 
[debug] [2020-11-28T13:08:25.933Z] <<< HTTP RESPONSE 200 {"content-type":"application/json; charset=UTF-8","vary":"X-Origin, Referer, Origin,Accept-Encoding","date":"Sat, 28 Nov 2020 13:08:25 GMT","server":"ESF","cache-control":"private","x-xss-protection":"0","x-frame-options":"SAMEORIGIN","x-content-type-options":"nosniff","alt-svc":"h3-29=\":443\"; ma=2592000,h3-T051=\":443\"; ma=2592000,h3-Q050=\":443\"; ma=2592000,h3-Q046=\":443\"; ma=2592000,h3-Q043=\":443\"; ma=2592000,quic=\":443\"; ma=2592000; v=\"46,43\"","accept-ranges":"none","transfer-encoding":"chunked"}
[debug] [2020-11-28T13:08:25.937Z] >>> HTTP REQUEST GET https://firebase.googleapis.com/v1beta1/projects/fennell-secret-santa/adminSdkConfig  
 
[debug] [2020-11-28T13:08:26.281Z] <<< HTTP RESPONSE 200 {"content-type":"application/json; charset=UTF-8","vary":"X-Origin, Referer, Origin,Accept-Encoding","date":"Sat, 28 Nov 2020 13:08:26 GMT","server":"ESF","cache-control":"private","x-xss-protection":"0","x-frame-options":"SAMEORIGIN","x-content-type-options":"nosniff","alt-svc":"h3-29=\":443\"; ma=2592000,h3-T051=\":443\"; ma=2592000,h3-Q050=\":443\"; ma=2592000,h3-Q046=\":443\"; ma=2592000,h3-Q043=\":443\"; ma=2592000,quic=\":443\"; ma=2592000; v=\"46,43\"","accept-ranges":"none","transfer-encoding":"chunked"}
[info] i  functions: preparing functions directory for uploading... 
[debug] [2020-11-28T13:08:26.296Z] >>> HTTP REQUEST GET https://runtimeconfig.googleapis.com/v1beta1/projects/fennell-secret-santa/configs  
 
[debug] [2020-11-28T13:08:26.643Z] <<< HTTP RESPONSE 200 {"content-type":"application/json; charset=UTF-8","vary":"X-Origin, Referer, Origin,Accept-Encoding","date":"Sat, 28 Nov 2020 13:08:26 GMT","server":"ESF","cache-control":"private","x-xss-protection":"0","x-frame-options":"SAMEORIGIN","x-content-type-options":"nosniff","alt-svc":"h3-29=\":443\"; ma=2592000,h3-T051=\":443\"; ma=2592000,h3-Q050=\":443\"; ma=2592000,h3-Q046=\":443\"; ma=2592000,h3-Q043=\":443\"; ma=2592000,quic=\":443\"; ma=2592000; v=\"46,43\"","accept-ranges":"none","transfer-encoding":"chunked"}
[info] i  functions: packaged functions (38.14 KB) for uploading 
[debug] [2020-11-28T13:08:27.552Z] >>> HTTP REQUEST GET https://cloudfunctions.googleapis.com/v1/projects/fennell-secret-santa/locations/-/functions  
 
[debug] [2020-11-28T13:08:28.067Z] <<< HTTP RESPONSE 200 {"content-type":"application/json; charset=UTF-8","vary":"X-Origin, Referer, Origin,Accept-Encoding","date":"Sat, 28 Nov 2020 13:08:28 GMT","server":"ESF","cache-control":"private","x-xss-protection":"0","x-frame-options":"SAMEORIGIN","x-content-type-options":"nosniff","alt-svc":"h3-29=\":443\"; ma=2592000,h3-T051=\":443\"; ma=2592000,h3-Q050=\":443\"; ma=2592000,h3-Q046=\":443\"; ma=2592000,h3-Q043=\":443\"; ma=2592000,quic=\":443\"; ma=2592000; v=\"46,43\"","accept-ranges":"none","transfer-encoding":"chunked"}
[debug] [2020-11-28T13:08:28.071Z] >>> HTTP REQUEST POST https://cloudfunctions.googleapis.com/v1/projects/fennell-secret-santa/locations/us-central1/functions:generateUploadUrl  
 
[debug] [2020-11-28T13:08:28.658Z] <<< HTTP RESPONSE 200 {"content-type":"application/json; charset=UTF-8","vary":"X-Origin, Referer, Origin,Accept-Encoding","date":"Sat, 28 Nov 2020 13:08:28 GMT","server":"ESF","cache-control":"private","x-xss-protection":"0","x-frame-options":"SAMEORIGIN","x-content-type-options":"nosniff","alt-svc":"h3-29=\":443\"; ma=2592000,h3-T051=\":443\"; ma=2592000,h3-Q050=\":443\"; ma=2592000,h3-Q046=\":443\"; ma=2592000,h3-Q043=\":443\"; ma=2592000,quic=\":443\"; ma=2592000; v=\"46,43\"","accept-ranges":"none","transfer-encoding":"chunked"}
[debug] [2020-11-28T13:08:28.661Z] >>> HTTP REQUEST PUT https://storage.googleapis.com/gcf-upload-us-central1-6e44b9ce-08c5-4c7d-82b2-f138649a031f/abfb1f07-d00d-4cb1-8fe2-6b11038ea2eb.zip?GoogleAccessId=service-686958461448@gcf-admin-robot.iam.gserviceaccount.com&Expires=1606570708&Signature=YZUzdJ%2BH%2BB1mh66EVHfYTvg4U63JvE4IOuNYha78tpcvQU1yBAoQsMa2nM8LX5NX1274VmOoekEHBkLIFRt7L9yPdzyujJSUw4cH%2FqpwDQmgINDHyAXe5F%2FCdrWP7ZI40WRf1XVpiy2C3Tu9z3zW7lLGEhrueVqxTchXQFK8ChEKIlINk631Ohvik2gIjZx99Igj6gK1Zhjd1NNDPmc9BNvErFAYkCLzFB3D32LlEXZcc6B9VajAUa5UAxue%2FLDP9Lp1thjvMAP0OyDOkeFBoQjiAHC2%2FgPpR4k5RbvIp6Uakw8Nj8IS4VwvhYilm9%2F3ck6xorlF0ie4qZFfWidjkQ%3D%3D  
 <request body omitted>
[debug] [2020-11-28T13:08:28.938Z] <<< HTTP RESPONSE 200 {"x-guploader-uploadid":"ABg5-UwiFUXWklcPyHYVNCF2WF-KCBngYtTkbOkWqmpqstNZstBsn3KOvx1KbgfMJF_Q6HxJVx1hkBT4jDyF26oFfvc","etag":"\"386706a04012779b94f4283f13e6d87f\"","x-goog-generation":"1606568908969387","x-goog-metageneration":"1","x-goog-hash":"crc32c=mrXqGw==, md5=OGcGoEASd5uU9Cg/E+bYfw==","x-goog-stored-content-length":"39060","x-goog-stored-content-encoding":"identity","vary":"Origin","content-length":"0","date":"Sat, 28 Nov 2020 13:08:29 GMT","server":"UploadServer","content-type":"text/html; charset=UTF-8","alt-svc":"h3-29=\":443\"; ma=2592000,h3-T051=\":443\"; ma=2592000,h3-Q050=\":443\"; ma=2592000,h3-Q046=\":443\"; ma=2592000,h3-Q043=\":443\"; ma=2592000,quic=\":443\"; ma=2592000; v=\"46,43\""}
[info] +  functions: functions folder uploaded successfully 
[info] i  functions: creating Node.js 12 function auth-createUserAccount(europe-west2)... 
[debug] [2020-11-28T13:08:28.951Z] Trigger is:  {"eventTrigger":{"resource":"projects/fennell-secret-santa","eventType":"providers/firebase.auth/eventTypes/user.create","service":"firebaseauth.googleapis.com"}}
[debug] [2020-11-28T13:08:28.954Z] >>> HTTP REQUEST POST https://cloudfunctions.googleapis.com/v1/projects/fennell-secret-santa/locations/europe-west2/functions  
 {"sourceUploadUrl":"https://storage.googleapis.com/gcf-upload-us-central1-6e44b9ce-08c5-4c7d-82b2-f138649a031f/abfb1f07-d00d-4cb1-8fe2-6b11038ea2eb.zip?GoogleAccessId=service-686958461448@gcf-admin-robot.iam.gserviceaccount.com&Expires=1606570708&Signature=YZUzdJ%2BH%2BB1mh66EVHfYTvg4U63JvE4IOuNYha78tpcvQU1yBAoQsMa2nM8LX5NX1274VmOoekEHBkLIFRt7L9yPdzyujJSUw4cH%2FqpwDQmgINDHyAXe5F%2FCdrWP7ZI40WRf1XVpiy2C3Tu9z3zW7lLGEhrueVqxTchXQFK8ChEKIlINk631Ohvik2gIjZx99Igj6gK1Zhjd1NNDPmc9BNvErFAYkCLzFB3D32LlEXZcc6B9VajAUa5UAxue%2FLDP9Lp1thjvMAP0OyDOkeFBoQjiAHC2%2FgPpR4k5RbvIp6Uakw8Nj8IS4VwvhYilm9%2F3ck6xorlF0ie4qZFfWidjkQ%3D%3D","name":"projects/fennell-secret-santa/locations/europe-west2/functions/auth-createUserAccount","entryPoint":"auth.createUserAccount","labels":{"deployment-tool":"cli-firebase"},"runtime":"nodejs12","environmentVariables":{"FIREBASE_CONFIG":"{\"projectId\":\"fennell-secret-santa\",\"databaseURL\":\"https://fennell-secret-santa.firebaseio.com\",\"storageBucket\":\"fennell-secret-santa.appspot.com\",\"locationId\":\"europe-west\"}"},"eventTrigger":{"resource":"projects/fennell-secret-santa","eventType":"providers/firebase.auth/eventTypes/user.create","service":"firebaseauth.googleapis.com"}}
[debug] [2020-11-28T13:08:29.739Z] <<< HTTP RESPONSE 200 {"content-type":"application/json; charset=UTF-8","vary":"X-Origin, Referer, Origin,Accept-Encoding","date":"Sat, 28 Nov 2020 13:08:29 GMT","server":"ESF","cache-control":"private","x-xss-protection":"0","x-frame-options":"SAMEORIGIN","x-content-type-options":"nosniff","alt-svc":"h3-29=\":443\"; ma=2592000,h3-T051=\":443\"; ma=2592000,h3-Q050=\":443\"; ma=2592000,h3-Q046=\":443\"; ma=2592000,h3-Q043=\":443\"; ma=2592000,quic=\":443\"; ma=2592000; v=\"46,43\"","accept-ranges":"none","transfer-encoding":"chunked"}
[debug] [2020-11-28T13:08:29.741Z] >>> HTTP REQUEST GET https://cloudfunctions.googleapis.com/v1/operations/ZmVubmVsbC1zZWNyZXQtc2FudGEvZXVyb3BlLXdlc3QyL2F1dGgtY3JlYXRlVXNlckFjY291bnQvenU4RUlyem1xdDg  
 
[debug] [2020-11-28T13:08:29.880Z] <<< HTTP RESPONSE 200 {"content-type":"application/json; charset=UTF-8","vary":"X-Origin, Referer, Origin,Accept-Encoding","date":"Sat, 28 Nov 2020 13:08:29 GMT","server":"ESF","cache-control":"private","x-xss-protection":"0","x-frame-options":"SAMEORIGIN","x-content-type-options":"nosniff","alt-svc":"h3-29=\":443\"; ma=2592000,h3-T051=\":443\"; ma=2592000,h3-Q050=\":443\"; ma=2592000,h3-Q046=\":443\"; ma=2592000,h3-Q043=\":443\"; ma=2592000,quic=\":443\"; ma=2592000; v=\"46,43\"","accept-ranges":"none","transfer-encoding":"chunked"}
[debug] [2020-11-28T13:08:31.884Z] >>> HTTP REQUEST GET https://cloudfunctions.googleapis.com/v1/operations/ZmVubmVsbC1zZWNyZXQtc2FudGEvZXVyb3BlLXdlc3QyL2F1dGgtY3JlYXRlVXNlckFjY291bnQvenU4RUlyem1xdDg  
 
[debug] [2020-11-28T13:08:32.530Z] <<< HTTP RESPONSE 200 {"content-type":"application/json; charset=UTF-8","vary":"X-Origin, Referer, Origin,Accept-Encoding","date":"Sat, 28 Nov 2020 13:08:32 GMT","server":"ESF","cache-control":"private","x-xss-protection":"0","x-frame-options":"SAMEORIGIN","x-content-type-options":"nosniff","alt-svc":"h3-29=\":443\"; ma=2592000,h3-T051=\":443\"; ma=2592000,h3-Q050=\":443\"; ma=2592000,h3-Q046=\":443\"; ma=2592000,h3-Q043=\":443\"; ma=2592000,quic=\":443\"; ma=2592000; v=\"46,43\"","accept-ranges":"none","transfer-encoding":"chunked"}
[debug] [2020-11-28T13:08:34.546Z] >>> HTTP REQUEST GET https://cloudfunctions.googleapis.com/v1/operations/ZmVubmVsbC1zZWNyZXQtc2FudGEvZXVyb3BlLXdlc3QyL2F1dGgtY3JlYXRlVXNlckFjY291bnQvenU4RUlyem1xdDg  
 
[debug] [2020-11-28T13:08:34.688Z] <<< HTTP RESPONSE 200 {"content-type":"application/json; charset=UTF-8","vary":"X-Origin, Referer, Origin,Accept-Encoding","date":"Sat, 28 Nov 2020 13:08:34 GMT","server":"ESF","cache-control":"private","x-xss-protection":"0","x-frame-options":"SAMEORIGIN","x-content-type-options":"nosniff","alt-svc":"h3-29=\":443\"; ma=2592000,h3-T051=\":443\"; ma=2592000,h3-Q050=\":443\"; ma=2592000,h3-Q046=\":443\"; ma=2592000,h3-Q043=\":443\"; ma=2592000,quic=\":443\"; ma=2592000; v=\"46,43\"","accept-ranges":"none","transfer-encoding":"chunked"}
[debug] [2020-11-28T13:08:36.699Z] >>> HTTP REQUEST GET https://cloudfunctions.googleapis.com/v1/operations/ZmVubmVsbC1zZWNyZXQtc2FudGEvZXVyb3BlLXdlc3QyL2F1dGgtY3JlYXRlVXNlckFjY291bnQvenU4RUlyem1xdDg  
 
[debug] [2020-11-28T13:08:36.834Z] <<< HTTP RESPONSE 200 {"content-type":"application/json; charset=UTF-8","vary":"X-Origin, Referer, Origin,Accept-Encoding","date":"Sat, 28 Nov 2020 13:08:36 GMT","server":"ESF","cache-control":"private","x-xss-protection":"0","x-frame-options":"SAMEORIGIN","x-content-type-options":"nosniff","alt-svc":"h3-29=\":443\"; ma=2592000,h3-T051=\":443\"; ma=2592000,h3-Q050=\":443\"; ma=2592000,h3-Q046=\":443\"; ma=2592000,h3-Q043=\":443\"; ma=2592000,quic=\":443\"; ma=2592000; v=\"46,43\"","accept-ranges":"none","transfer-encoding":"chunked"}
[debug] [2020-11-28T13:08:38.845Z] >>> HTTP REQUEST GET https://cloudfunctions.googleapis.com/v1/operations/ZmVubmVsbC1zZWNyZXQtc2FudGEvZXVyb3BlLXdlc3QyL2F1dGgtY3JlYXRlVXNlckFjY291bnQvenU4RUlyem1xdDg  
 
[debug] [2020-11-28T13:08:38.966Z] <<< HTTP RESPONSE 200 {"content-type":"application/json; charset=UTF-8","vary":"X-Origin, Referer, Origin,Accept-Encoding","date":"Sat, 28 Nov 2020 13:08:39 GMT","server":"ESF","cache-control":"private","x-xss-protection":"0","x-frame-options":"SAMEORIGIN","x-content-type-options":"nosniff","alt-svc":"h3-29=\":443\"; ma=2592000,h3-T051=\":443\"; ma=2592000,h3-Q050=\":443\"; ma=2592000,h3-Q046=\":443\"; ma=2592000,h3-Q043=\":443\"; ma=2592000,quic=\":443\"; ma=2592000; v=\"46,43\"","accept-ranges":"none","transfer-encoding":"chunked"}
[debug] [2020-11-28T13:08:40.975Z] >>> HTTP REQUEST GET https://cloudfunctions.googleapis.com/v1/operations/ZmVubmVsbC1zZWNyZXQtc2FudGEvZXVyb3BlLXdlc3QyL2F1dGgtY3JlYXRlVXNlckFjY291bnQvenU4RUlyem1xdDg  
 
[debug] [2020-11-28T13:08:41.107Z] <<< HTTP RESPONSE 200 {"content-type":"application/json; charset=UTF-8","vary":"X-Origin, Referer, Origin,Accept-Encoding","date":"Sat, 28 Nov 2020 13:08:41 GMT","server":"ESF","cache-control":"private","x-xss-protection":"0","x-frame-options":"SAMEORIGIN","x-content-type-options":"nosniff","alt-svc":"h3-29=\":443\"; ma=2592000,h3-T051=\":443\"; ma=2592000,h3-Q050=\":443\"; ma=2592000,h3-Q046=\":443\"; ma=2592000,h3-Q043=\":443\"; ma=2592000,quic=\":443\"; ma=2592000; v=\"46,43\"","accept-ranges":"none","transfer-encoding":"chunked"}
[debug] [2020-11-28T13:08:43.119Z] >>> HTTP REQUEST GET https://cloudfunctions.googleapis.com/v1/operations/ZmVubmVsbC1zZWNyZXQtc2FudGEvZXVyb3BlLXdlc3QyL2F1dGgtY3JlYXRlVXNlckFjY291bnQvenU4RUlyem1xdDg  
 
[debug] [2020-11-28T13:08:43.269Z] <<< HTTP RESPONSE 200 {"content-type":"application/json; charset=UTF-8","vary":"X-Origin, Referer, Origin,Accept-Encoding","date":"Sat, 28 Nov 2020 13:08:43 GMT","server":"ESF","cache-control":"private","x-xss-protection":"0","x-frame-options":"SAMEORIGIN","x-content-type-options":"nosniff","alt-svc":"h3-29=\":443\"; ma=2592000,h3-T051=\":443\"; ma=2592000,h3-Q050=\":443\"; ma=2592000,h3-Q046=\":443\"; ma=2592000,h3-Q043=\":443\"; ma=2592000,quic=\":443\"; ma=2592000; v=\"46,43\"","accept-ranges":"none","transfer-encoding":"chunked"}
[debug] [2020-11-28T13:08:45.277Z] >>> HTTP REQUEST GET https://cloudfunctions.googleapis.com/v1/operations/ZmVubmVsbC1zZWNyZXQtc2FudGEvZXVyb3BlLXdlc3QyL2F1dGgtY3JlYXRlVXNlckFjY291bnQvenU4RUlyem1xdDg  
 
[debug] [2020-11-28T13:08:45.391Z] <<< HTTP RESPONSE 200 {"content-type":"application/json; charset=UTF-8","vary":"X-Origin, Referer, Origin,Accept-Encoding","date":"Sat, 28 Nov 2020 13:08:45 GMT","server":"ESF","cache-control":"private","x-xss-protection":"0","x-frame-options":"SAMEORIGIN","x-content-type-options":"nosniff","alt-svc":"h3-29=\":443\"; ma=2592000,h3-T051=\":443\"; ma=2592000,h3-Q050=\":443\"; ma=2592000,h3-Q046=\":443\"; ma=2592000,h3-Q043=\":443\"; ma=2592000,quic=\":443\"; ma=2592000; v=\"46,43\"","accept-ranges":"none","transfer-encoding":"chunked"}
[debug] [2020-11-28T13:08:47.398Z] >>> HTTP REQUEST GET https://cloudfunctions.googleapis.com/v1/operations/ZmVubmVsbC1zZWNyZXQtc2FudGEvZXVyb3BlLXdlc3QyL2F1dGgtY3JlYXRlVXNlckFjY291bnQvenU4RUlyem1xdDg  
 
[debug] [2020-11-28T13:08:47.516Z] <<< HTTP RESPONSE 200 {"content-type":"application/json; charset=UTF-8","vary":"X-Origin, Referer, Origin,Accept-Encoding","date":"Sat, 28 Nov 2020 13:08:47 GMT","server":"ESF","cache-control":"private","x-xss-protection":"0","x-frame-options":"SAMEORIGIN","x-content-type-options":"nosniff","alt-svc":"h3-29=\":443\"; ma=2592000,h3-T051=\":443\"; ma=2592000,h3-Q050=\":443\"; ma=2592000,h3-Q046=\":443\"; ma=2592000,h3-Q043=\":443\"; ma=2592000,quic=\":443\"; ma=2592000; v=\"46,43\"","accept-ranges":"none","transfer-encoding":"chunked"}
[debug] [2020-11-28T13:08:49.527Z] >>> HTTP REQUEST GET https://cloudfunctions.googleapis.com/v1/operations/ZmVubmVsbC1zZWNyZXQtc2FudGEvZXVyb3BlLXdlc3QyL2F1dGgtY3JlYXRlVXNlckFjY291bnQvenU4RUlyem1xdDg  
 
[debug] [2020-11-28T13:08:49.660Z] <<< HTTP RESPONSE 200 {"content-type":"application/json; charset=UTF-8","vary":"X-Origin, Referer, Origin,Accept-Encoding","date":"Sat, 28 Nov 2020 13:08:49 GMT","server":"ESF","cache-control":"private","x-xss-protection":"0","x-frame-options":"SAMEORIGIN","x-content-type-options":"nosniff","alt-svc":"h3-29=\":443\"; ma=2592000,h3-T051=\":443\"; ma=2592000,h3-Q050=\":443\"; ma=2592000,h3-Q046=\":443\"; ma=2592000,h3-Q043=\":443\"; ma=2592000,quic=\":443\"; ma=2592000; v=\"46,43\"","accept-ranges":"none","transfer-encoding":"chunked"}
[debug] [2020-11-28T13:08:51.667Z] >>> HTTP REQUEST GET https://cloudfunctions.googleapis.com/v1/operations/ZmVubmVsbC1zZWNyZXQtc2FudGEvZXVyb3BlLXdlc3QyL2F1dGgtY3JlYXRlVXNlckFjY291bnQvenU4RUlyem1xdDg  
 
[debug] [2020-11-28T13:08:51.788Z] <<< HTTP RESPONSE 200 {"content-type":"application/json; charset=UTF-8","vary":"X-Origin, Referer, Origin,Accept-Encoding","date":"Sat, 28 Nov 2020 13:08:51 GMT","server":"ESF","cache-control":"private","x-xss-protection":"0","x-frame-options":"SAMEORIGIN","x-content-type-options":"nosniff","alt-svc":"h3-29=\":443\"; ma=2592000,h3-T051=\":443\"; ma=2592000,h3-Q050=\":443\"; ma=2592000,h3-Q046=\":443\"; ma=2592000,h3-Q043=\":443\"; ma=2592000,quic=\":443\"; ma=2592000; v=\"46,43\"","accept-ranges":"none","transfer-encoding":"chunked"}
[debug] [2020-11-28T13:08:53.798Z] >>> HTTP REQUEST GET https://cloudfunctions.googleapis.com/v1/operations/ZmVubmVsbC1zZWNyZXQtc2FudGEvZXVyb3BlLXdlc3QyL2F1dGgtY3JlYXRlVXNlckFjY291bnQvenU4RUlyem1xdDg  
 
[debug] [2020-11-28T13:08:53.908Z] <<< HTTP RESPONSE 200 {"content-type":"application/json; charset=UTF-8","vary":"X-Origin, Referer, Origin,Accept-Encoding","date":"Sat, 28 Nov 2020 13:08:53 GMT","server":"ESF","cache-control":"private","x-xss-protection":"0","x-frame-options":"SAMEORIGIN","x-content-type-options":"nosniff","alt-svc":"h3-29=\":443\"; ma=2592000,h3-T051=\":443\"; ma=2592000,h3-Q050=\":443\"; ma=2592000,h3-Q046=\":443\"; ma=2592000,h3-Q043=\":443\"; ma=2592000,quic=\":443\"; ma=2592000; v=\"46,43\"","accept-ranges":"none","transfer-encoding":"chunked"}
[debug] [2020-11-28T13:08:55.925Z] >>> HTTP REQUEST GET https://cloudfunctions.googleapis.com/v1/operations/ZmVubmVsbC1zZWNyZXQtc2FudGEvZXVyb3BlLXdlc3QyL2F1dGgtY3JlYXRlVXNlckFjY291bnQvenU4RUlyem1xdDg  
 
[debug] [2020-11-28T13:08:56.044Z] <<< HTTP RESPONSE 200 {"content-type":"application/json; charset=UTF-8","vary":"X-Origin, Referer, Origin,Accept-Encoding","date":"Sat, 28 Nov 2020 13:08:56 GMT","server":"ESF","cache-control":"private","x-xss-protection":"0","x-frame-options":"SAMEORIGIN","x-content-type-options":"nosniff","alt-svc":"h3-29=\":443\"; ma=2592000,h3-T051=\":443\"; ma=2592000,h3-Q050=\":443\"; ma=2592000,h3-Q046=\":443\"; ma=2592000,h3-Q043=\":443\"; ma=2592000,quic=\":443\"; ma=2592000; v=\"46,43\"","accept-ranges":"none","transfer-encoding":"chunked"}
[debug] [2020-11-28T13:08:58.053Z] >>> HTTP REQUEST GET https://cloudfunctions.googleapis.com/v1/operations/ZmVubmVsbC1zZWNyZXQtc2FudGEvZXVyb3BlLXdlc3QyL2F1dGgtY3JlYXRlVXNlckFjY291bnQvenU4RUlyem1xdDg  
 
[debug] [2020-11-28T13:08:58.161Z] <<< HTTP RESPONSE 200 {"content-type":"application/json; charset=UTF-8","vary":"X-Origin, Referer, Origin,Accept-Encoding","date":"Sat, 28 Nov 2020 13:08:58 GMT","server":"ESF","cache-control":"private","x-xss-protection":"0","x-frame-options":"SAMEORIGIN","x-content-type-options":"nosniff","alt-svc":"h3-29=\":443\"; ma=2592000,h3-T051=\":443\"; ma=2592000,h3-Q050=\":443\"; ma=2592000,h3-Q046=\":443\"; ma=2592000,h3-Q043=\":443\"; ma=2592000,quic=\":443\"; ma=2592000; v=\"46,43\"","accept-ranges":"none","transfer-encoding":"chunked"}
[debug] [2020-11-28T13:09:00.179Z] >>> HTTP REQUEST GET https://cloudfunctions.googleapis.com/v1/operations/ZmVubmVsbC1zZWNyZXQtc2FudGEvZXVyb3BlLXdlc3QyL2F1dGgtY3JlYXRlVXNlckFjY291bnQvenU4RUlyem1xdDg  
 
[debug] [2020-11-28T13:09:00.303Z] <<< HTTP RESPONSE 200 {"content-type":"application/json; charset=UTF-8","vary":"X-Origin, Referer, Origin,Accept-Encoding","date":"Sat, 28 Nov 2020 13:09:00 GMT","server":"ESF","cache-control":"private","x-xss-protection":"0","x-frame-options":"SAMEORIGIN","x-content-type-options":"nosniff","alt-svc":"h3-29=\":443\"; ma=2592000,h3-T051=\":443\"; ma=2592000,h3-Q050=\":443\"; ma=2592000,h3-Q046=\":443\"; ma=2592000,h3-Q043=\":443\"; ma=2592000,quic=\":443\"; ma=2592000; v=\"46,43\"","accept-ranges":"none","transfer-encoding":"chunked"}
[debug] [2020-11-28T13:09:02.306Z] >>> HTTP REQUEST GET https://cloudfunctions.googleapis.com/v1/operations/ZmVubmVsbC1zZWNyZXQtc2FudGEvZXVyb3BlLXdlc3QyL2F1dGgtY3JlYXRlVXNlckFjY291bnQvenU4RUlyem1xdDg  
 
[debug] [2020-11-28T13:09:02.434Z] <<< HTTP RESPONSE 200 {"content-type":"application/json; charset=UTF-8","vary":"X-Origin, Referer, Origin,Accept-Encoding","date":"Sat, 28 Nov 2020 13:09:02 GMT","server":"ESF","cache-control":"private","x-xss-protection":"0","x-frame-options":"SAMEORIGIN","x-content-type-options":"nosniff","alt-svc":"h3-29=\":443\"; ma=2592000,h3-T051=\":443\"; ma=2592000,h3-Q050=\":443\"; ma=2592000,h3-Q046=\":443\"; ma=2592000,h3-Q043=\":443\"; ma=2592000,quic=\":443\"; ma=2592000; v=\"46,43\"","accept-ranges":"none","transfer-encoding":"chunked"}
[debug] [2020-11-28T13:09:04.447Z] >>> HTTP REQUEST GET https://cloudfunctions.googleapis.com/v1/operations/ZmVubmVsbC1zZWNyZXQtc2FudGEvZXVyb3BlLXdlc3QyL2F1dGgtY3JlYXRlVXNlckFjY291bnQvenU4RUlyem1xdDg  
 
[debug] [2020-11-28T13:09:04.569Z] <<< HTTP RESPONSE 200 {"content-type":"application/json; charset=UTF-8","vary":"X-Origin, Referer, Origin,Accept-Encoding","date":"Sat, 28 Nov 2020 13:09:04 GMT","server":"ESF","cache-control":"private","x-xss-protection":"0","x-frame-options":"SAMEORIGIN","x-content-type-options":"nosniff","alt-svc":"h3-29=\":443\"; ma=2592000,h3-T051=\":443\"; ma=2592000,h3-Q050=\":443\"; ma=2592000,h3-Q046=\":443\"; ma=2592000,h3-Q043=\":443\"; ma=2592000,quic=\":443\"; ma=2592000; v=\"46,43\"","accept-ranges":"none","transfer-encoding":"chunked"}
[debug] [2020-11-28T13:09:06.579Z] >>> HTTP REQUEST GET https://cloudfunctions.googleapis.com/v1/operations/ZmVubmVsbC1zZWNyZXQtc2FudGEvZXVyb3BlLXdlc3QyL2F1dGgtY3JlYXRlVXNlckFjY291bnQvenU4RUlyem1xdDg  
 
[debug] [2020-11-28T13:09:06.713Z] <<< HTTP RESPONSE 200 {"content-type":"application/json; charset=UTF-8","vary":"X-Origin, Referer, Origin,Accept-Encoding","date":"Sat, 28 Nov 2020 13:09:06 GMT","server":"ESF","cache-control":"private","x-xss-protection":"0","x-frame-options":"SAMEORIGIN","x-content-type-options":"nosniff","alt-svc":"h3-29=\":443\"; ma=2592000,h3-T051=\":443\"; ma=2592000,h3-Q050=\":443\"; ma=2592000,h3-Q046=\":443\"; ma=2592000,h3-Q043=\":443\"; ma=2592000,quic=\":443\"; ma=2592000; v=\"46,43\"","accept-ranges":"none","transfer-encoding":"chunked"}
[debug] [2020-11-28T13:09:08.718Z] >>> HTTP REQUEST GET https://cloudfunctions.googleapis.com/v1/operations/ZmVubmVsbC1zZWNyZXQtc2FudGEvZXVyb3BlLXdlc3QyL2F1dGgtY3JlYXRlVXNlckFjY291bnQvenU4RUlyem1xdDg  
 
[debug] [2020-11-28T13:09:08.868Z] <<< HTTP RESPONSE 200 {"content-type":"application/json; charset=UTF-8","vary":"X-Origin, Referer, Origin,Accept-Encoding","date":"Sat, 28 Nov 2020 13:09:08 GMT","server":"ESF","cache-control":"private","x-xss-protection":"0","x-frame-options":"SAMEORIGIN","x-content-type-options":"nosniff","alt-svc":"h3-29=\":443\"; ma=2592000,h3-T051=\":443\"; ma=2592000,h3-Q050=\":443\"; ma=2592000,h3-Q046=\":443\"; ma=2592000,h3-Q043=\":443\"; ma=2592000,quic=\":443\"; ma=2592000; v=\"46,43\"","accept-ranges":"none","transfer-encoding":"chunked"}
[debug] [2020-11-28T13:09:10.877Z] >>> HTTP REQUEST GET https://cloudfunctions.googleapis.com/v1/operations/ZmVubmVsbC1zZWNyZXQtc2FudGEvZXVyb3BlLXdlc3QyL2F1dGgtY3JlYXRlVXNlckFjY291bnQvenU4RUlyem1xdDg  
 
[debug] [2020-11-28T13:09:10.994Z] <<< HTTP RESPONSE 200 {"content-type":"application/json; charset=UTF-8","vary":"X-Origin, Referer, Origin,Accept-Encoding","date":"Sat, 28 Nov 2020 13:09:11 GMT","server":"ESF","cache-control":"private","x-xss-protection":"0","x-frame-options":"SAMEORIGIN","x-content-type-options":"nosniff","alt-svc":"h3-29=\":443\"; ma=2592000,h3-T051=\":443\"; ma=2592000,h3-Q050=\":443\"; ma=2592000,h3-Q046=\":443\"; ma=2592000,h3-Q043=\":443\"; ma=2592000,quic=\":443\"; ma=2592000; v=\"46,43\"","accept-ranges":"none","transfer-encoding":"chunked"}
[debug] [2020-11-28T13:09:12.999Z] >>> HTTP REQUEST GET https://cloudfunctions.googleapis.com/v1/operations/ZmVubmVsbC1zZWNyZXQtc2FudGEvZXVyb3BlLXdlc3QyL2F1dGgtY3JlYXRlVXNlckFjY291bnQvenU4RUlyem1xdDg  
 
[debug] [2020-11-28T13:09:13.107Z] <<< HTTP RESPONSE 200 {"content-type":"application/json; charset=UTF-8","vary":"X-Origin, Referer, Origin,Accept-Encoding","date":"Sat, 28 Nov 2020 13:09:13 GMT","server":"ESF","cache-control":"private","x-xss-protection":"0","x-frame-options":"SAMEORIGIN","x-content-type-options":"nosniff","alt-svc":"h3-29=\":443\"; ma=2592000,h3-T051=\":443\"; ma=2592000,h3-Q050=\":443\"; ma=2592000,h3-Q046=\":443\"; ma=2592000,h3-Q043=\":443\"; ma=2592000,quic=\":443\"; ma=2592000; v=\"46,43\"","accept-ranges":"none","transfer-encoding":"chunked"}
[debug] [2020-11-28T13:09:15.112Z] >>> HTTP REQUEST GET https://cloudfunctions.googleapis.com/v1/operations/ZmVubmVsbC1zZWNyZXQtc2FudGEvZXVyb3BlLXdlc3QyL2F1dGgtY3JlYXRlVXNlckFjY291bnQvenU4RUlyem1xdDg  
 
[debug] [2020-11-28T13:09:15.221Z] <<< HTTP RESPONSE 200 {"content-type":"application/json; charset=UTF-8","vary":"X-Origin, Referer, Origin,Accept-Encoding","date":"Sat, 28 Nov 2020 13:09:15 GMT","server":"ESF","cache-control":"private","x-xss-protection":"0","x-frame-options":"SAMEORIGIN","x-content-type-options":"nosniff","alt-svc":"h3-29=\":443\"; ma=2592000,h3-T051=\":443\"; ma=2592000,h3-Q050=\":443\"; ma=2592000,h3-Q046=\":443\"; ma=2592000,h3-Q043=\":443\"; ma=2592000,quic=\":443\"; ma=2592000; v=\"46,43\"","accept-ranges":"none","transfer-encoding":"chunked"}
[debug] [2020-11-28T13:09:17.232Z] >>> HTTP REQUEST GET https://cloudfunctions.googleapis.com/v1/operations/ZmVubmVsbC1zZWNyZXQtc2FudGEvZXVyb3BlLXdlc3QyL2F1dGgtY3JlYXRlVXNlckFjY291bnQvenU4RUlyem1xdDg  
 
[debug] [2020-11-28T13:09:17.345Z] <<< HTTP RESPONSE 200 {"content-type":"application/json; charset=UTF-8","vary":"X-Origin, Referer, Origin,Accept-Encoding","date":"Sat, 28 Nov 2020 13:09:17 GMT","server":"ESF","cache-control":"private","x-xss-protection":"0","x-frame-options":"SAMEORIGIN","x-content-type-options":"nosniff","alt-svc":"h3-29=\":443\"; ma=2592000,h3-T051=\":443\"; ma=2592000,h3-Q050=\":443\"; ma=2592000,h3-Q046=\":443\"; ma=2592000,h3-Q043=\":443\"; ma=2592000,quic=\":443\"; ma=2592000; v=\"46,43\"","accept-ranges":"none","transfer-encoding":"chunked"}
[debug] [2020-11-28T13:09:19.353Z] >>> HTTP REQUEST GET https://cloudfunctions.googleapis.com/v1/operations/ZmVubmVsbC1zZWNyZXQtc2FudGEvZXVyb3BlLXdlc3QyL2F1dGgtY3JlYXRlVXNlckFjY291bnQvenU4RUlyem1xdDg  
 
[debug] [2020-11-28T13:09:19.753Z] <<< HTTP RESPONSE 200 {"content-type":"application/json; charset=UTF-8","vary":"X-Origin, Referer, Origin,Accept-Encoding","date":"Sat, 28 Nov 2020 13:09:19 GMT","server":"ESF","cache-control":"private","x-xss-protection":"0","x-frame-options":"SAMEORIGIN","x-content-type-options":"nosniff","alt-svc":"h3-29=\":443\"; ma=2592000,h3-T051=\":443\"; ma=2592000,h3-Q050=\":443\"; ma=2592000,h3-Q046=\":443\"; ma=2592000,h3-Q043=\":443\"; ma=2592000,quic=\":443\"; ma=2592000; v=\"46,43\"","accept-ranges":"none","transfer-encoding":"chunked"}
[debug] [2020-11-28T13:09:21.764Z] >>> HTTP REQUEST GET https://cloudfunctions.googleapis.com/v1/operations/ZmVubmVsbC1zZWNyZXQtc2FudGEvZXVyb3BlLXdlc3QyL2F1dGgtY3JlYXRlVXNlckFjY291bnQvenU4RUlyem1xdDg  
 
[debug] [2020-11-28T13:09:21.883Z] <<< HTTP RESPONSE 200 {"content-type":"application/json; charset=UTF-8","vary":"X-Origin, Referer, Origin,Accept-Encoding","date":"Sat, 28 Nov 2020 13:09:21 GMT","server":"ESF","cache-control":"private","x-xss-protection":"0","x-frame-options":"SAMEORIGIN","x-content-type-options":"nosniff","alt-svc":"h3-29=\":443\"; ma=2592000,h3-T051=\":443\"; ma=2592000,h3-Q050=\":443\"; ma=2592000,h3-Q046=\":443\"; ma=2592000,h3-Q043=\":443\"; ma=2592000,quic=\":443\"; ma=2592000; v=\"46,43\"","accept-ranges":"none","transfer-encoding":"chunked"}
[debug] [2020-11-28T13:09:23.898Z] >>> HTTP REQUEST GET https://cloudfunctions.googleapis.com/v1/operations/ZmVubmVsbC1zZWNyZXQtc2FudGEvZXVyb3BlLXdlc3QyL2F1dGgtY3JlYXRlVXNlckFjY291bnQvenU4RUlyem1xdDg  
 
[debug] [2020-11-28T13:09:24.017Z] <<< HTTP RESPONSE 200 {"content-type":"application/json; charset=UTF-8","vary":"X-Origin, Referer, Origin,Accept-Encoding","date":"Sat, 28 Nov 2020 13:09:24 GMT","server":"ESF","cache-control":"private","x-xss-protection":"0","x-frame-options":"SAMEORIGIN","x-content-type-options":"nosniff","alt-svc":"h3-29=\":443\"; ma=2592000,h3-T051=\":443\"; ma=2592000,h3-Q050=\":443\"; ma=2592000,h3-Q046=\":443\"; ma=2592000,h3-Q043=\":443\"; ma=2592000,quic=\":443\"; ma=2592000; v=\"46,43\"","accept-ranges":"none","transfer-encoding":"chunked"}
[debug] [2020-11-28T13:09:26.033Z] >>> HTTP REQUEST GET https://cloudfunctions.googleapis.com/v1/operations/ZmVubmVsbC1zZWNyZXQtc2FudGEvZXVyb3BlLXdlc3QyL2F1dGgtY3JlYXRlVXNlckFjY291bnQvenU4RUlyem1xdDg  
 
[debug] [2020-11-28T13:09:26.148Z] <<< HTTP RESPONSE 200 {"content-type":"application/json; charset=UTF-8","vary":"X-Origin, Referer, Origin,Accept-Encoding","date":"Sat, 28 Nov 2020 13:09:26 GMT","server":"ESF","cache-control":"private","x-xss-protection":"0","x-frame-options":"SAMEORIGIN","x-content-type-options":"nosniff","alt-svc":"h3-29=\":443\"; ma=2592000,h3-T051=\":443\"; ma=2592000,h3-Q050=\":443\"; ma=2592000,h3-Q046=\":443\"; ma=2592000,h3-Q043=\":443\"; ma=2592000,quic=\":443\"; ma=2592000; v=\"46,43\"","accept-ranges":"none","transfer-encoding":"chunked"}
[debug] [2020-11-28T13:09:28.150Z] >>> HTTP REQUEST GET https://cloudfunctions.googleapis.com/v1/operations/ZmVubmVsbC1zZWNyZXQtc2FudGEvZXVyb3BlLXdlc3QyL2F1dGgtY3JlYXRlVXNlckFjY291bnQvenU4RUlyem1xdDg  
 
[debug] [2020-11-28T13:09:28.290Z] <<< HTTP RESPONSE 200 {"content-type":"application/json; charset=UTF-8","vary":"X-Origin, Referer, Origin,Accept-Encoding","date":"Sat, 28 Nov 2020 13:09:28 GMT","server":"ESF","cache-control":"private","x-xss-protection":"0","x-frame-options":"SAMEORIGIN","x-content-type-options":"nosniff","alt-svc":"h3-29=\":443\"; ma=2592000,h3-T051=\":443\"; ma=2592000,h3-Q050=\":443\"; ma=2592000,h3-Q046=\":443\"; ma=2592000,h3-Q043=\":443\"; ma=2592000,quic=\":443\"; ma=2592000; v=\"46,43\"","accept-ranges":"none","transfer-encoding":"chunked"}
[debug] [2020-11-28T13:09:30.297Z] >>> HTTP REQUEST GET https://cloudfunctions.googleapis.com/v1/operations/ZmVubmVsbC1zZWNyZXQtc2FudGEvZXVyb3BlLXdlc3QyL2F1dGgtY3JlYXRlVXNlckFjY291bnQvenU4RUlyem1xdDg  
 
[debug] [2020-11-28T13:09:30.430Z] <<< HTTP RESPONSE 200 {"content-type":"application/json; charset=UTF-8","vary":"X-Origin, Referer, Origin,Accept-Encoding","date":"Sat, 28 Nov 2020 13:09:30 GMT","server":"ESF","cache-control":"private","x-xss-protection":"0","x-frame-options":"SAMEORIGIN","x-content-type-options":"nosniff","alt-svc":"h3-29=\":443\"; ma=2592000,h3-T051=\":443\"; ma=2592000,h3-Q050=\":443\"; ma=2592000,h3-Q046=\":443\"; ma=2592000,h3-Q043=\":443\"; ma=2592000,quic=\":443\"; ma=2592000; v=\"46,43\"","accept-ranges":"none","transfer-encoding":"chunked"}
[debug] [2020-11-28T13:09:32.436Z] >>> HTTP REQUEST GET https://cloudfunctions.googleapis.com/v1/operations/ZmVubmVsbC1zZWNyZXQtc2FudGEvZXVyb3BlLXdlc3QyL2F1dGgtY3JlYXRlVXNlckFjY291bnQvenU4RUlyem1xdDg  
 
[debug] [2020-11-28T13:09:32.570Z] <<< HTTP RESPONSE 200 {"content-type":"application/json; charset=UTF-8","vary":"X-Origin, Referer, Origin,Accept-Encoding","date":"Sat, 28 Nov 2020 13:09:32 GMT","server":"ESF","cache-control":"private","x-xss-protection":"0","x-frame-options":"SAMEORIGIN","x-content-type-options":"nosniff","alt-svc":"h3-29=\":443\"; ma=2592000,h3-T051=\":443\"; ma=2592000,h3-Q050=\":443\"; ma=2592000,h3-Q046=\":443\"; ma=2592000,h3-Q043=\":443\"; ma=2592000,quic=\":443\"; ma=2592000; v=\"46,43\"","accept-ranges":"none","transfer-encoding":"chunked"}
[debug] [2020-11-28T13:09:34.580Z] >>> HTTP REQUEST GET https://cloudfunctions.googleapis.com/v1/operations/ZmVubmVsbC1zZWNyZXQtc2FudGEvZXVyb3BlLXdlc3QyL2F1dGgtY3JlYXRlVXNlckFjY291bnQvenU4RUlyem1xdDg  
 
[debug] [2020-11-28T13:09:34.703Z] <<< HTTP RESPONSE 200 {"content-type":"application/json; charset=UTF-8","vary":"X-Origin, Referer, Origin,Accept-Encoding","date":"Sat, 28 Nov 2020 13:09:34 GMT","server":"ESF","cache-control":"private","x-xss-protection":"0","x-frame-options":"SAMEORIGIN","x-content-type-options":"nosniff","alt-svc":"h3-29=\":443\"; ma=2592000,h3-T051=\":443\"; ma=2592000,h3-Q050=\":443\"; ma=2592000,h3-Q046=\":443\"; ma=2592000,h3-Q043=\":443\"; ma=2592000,quic=\":443\"; ma=2592000; v=\"46,43\"","accept-ranges":"none","transfer-encoding":"chunked"}
[debug] [2020-11-28T13:09:36.712Z] >>> HTTP REQUEST GET https://cloudfunctions.googleapis.com/v1/operations/ZmVubmVsbC1zZWNyZXQtc2FudGEvZXVyb3BlLXdlc3QyL2F1dGgtY3JlYXRlVXNlckFjY291bnQvenU4RUlyem1xdDg  
 
[debug] [2020-11-28T13:09:36.815Z] <<< HTTP RESPONSE 200 {"content-type":"application/json; charset=UTF-8","vary":"X-Origin, Referer, Origin,Accept-Encoding","date":"Sat, 28 Nov 2020 13:09:36 GMT","server":"ESF","cache-control":"private","x-xss-protection":"0","x-frame-options":"SAMEORIGIN","x-content-type-options":"nosniff","alt-svc":"h3-29=\":443\"; ma=2592000,h3-T051=\":443\"; ma=2592000,h3-Q050=\":443\"; ma=2592000,h3-Q046=\":443\"; ma=2592000,h3-Q043=\":443\"; ma=2592000,quic=\":443\"; ma=2592000; v=\"46,43\"","accept-ranges":"none","transfer-encoding":"chunked"}
[debug] [2020-11-28T13:09:38.826Z] >>> HTTP REQUEST GET https://cloudfunctions.googleapis.com/v1/operations/ZmVubmVsbC1zZWNyZXQtc2FudGEvZXVyb3BlLXdlc3QyL2F1dGgtY3JlYXRlVXNlckFjY291bnQvenU4RUlyem1xdDg  
 
[debug] [2020-11-28T13:09:38.942Z] <<< HTTP RESPONSE 200 {"content-type":"application/json; charset=UTF-8","vary":"X-Origin, Referer, Origin,Accept-Encoding","date":"Sat, 28 Nov 2020 13:09:39 GMT","server":"ESF","cache-control":"private","x-xss-protection":"0","x-frame-options":"SAMEORIGIN","x-content-type-options":"nosniff","alt-svc":"h3-29=\":443\"; ma=2592000,h3-T051=\":443\"; ma=2592000,h3-Q050=\":443\"; ma=2592000,h3-Q046=\":443\"; ma=2592000,h3-Q043=\":443\"; ma=2592000,quic=\":443\"; ma=2592000; v=\"46,43\"","accept-ranges":"none","transfer-encoding":"chunked"}
[debug] [2020-11-28T13:09:40.958Z] >>> HTTP REQUEST GET https://cloudfunctions.googleapis.com/v1/operations/ZmVubmVsbC1zZWNyZXQtc2FudGEvZXVyb3BlLXdlc3QyL2F1dGgtY3JlYXRlVXNlckFjY291bnQvenU4RUlyem1xdDg  
 
[debug] [2020-11-28T13:09:41.062Z] <<< HTTP RESPONSE 200 {"content-type":"application/json; charset=UTF-8","vary":"X-Origin, Referer, Origin,Accept-Encoding","date":"Sat, 28 Nov 2020 13:09:41 GMT","server":"ESF","cache-control":"private","x-xss-protection":"0","x-frame-options":"SAMEORIGIN","x-content-type-options":"nosniff","alt-svc":"h3-29=\":443\"; ma=2592000,h3-T051=\":443\"; ma=2592000,h3-Q050=\":443\"; ma=2592000,h3-Q046=\":443\"; ma=2592000,h3-Q043=\":443\"; ma=2592000,quic=\":443\"; ma=2592000; v=\"46,43\"","accept-ranges":"none","transfer-encoding":"chunked"}
[debug] [2020-11-28T13:09:43.069Z] >>> HTTP REQUEST GET https://cloudfunctions.googleapis.com/v1/operations/ZmVubmVsbC1zZWNyZXQtc2FudGEvZXVyb3BlLXdlc3QyL2F1dGgtY3JlYXRlVXNlckFjY291bnQvenU4RUlyem1xdDg  
 
[debug] [2020-11-28T13:09:43.194Z] <<< HTTP RESPONSE 200 {"content-type":"application/json; charset=UTF-8","vary":"X-Origin, Referer, Origin,Accept-Encoding","date":"Sat, 28 Nov 2020 13:09:43 GMT","server":"ESF","cache-control":"private","x-xss-protection":"0","x-frame-options":"SAMEORIGIN","x-content-type-options":"nosniff","alt-svc":"h3-29=\":443\"; ma=2592000,h3-T051=\":443\"; ma=2592000,h3-Q050=\":443\"; ma=2592000,h3-Q046=\":443\"; ma=2592000,h3-Q043=\":443\"; ma=2592000,quic=\":443\"; ma=2592000; v=\"46,43\"","accept-ranges":"none","transfer-encoding":"chunked"}
[debug] [2020-11-28T13:09:45.199Z] >>> HTTP REQUEST GET https://cloudfunctions.googleapis.com/v1/operations/ZmVubmVsbC1zZWNyZXQtc2FudGEvZXVyb3BlLXdlc3QyL2F1dGgtY3JlYXRlVXNlckFjY291bnQvenU4RUlyem1xdDg  
 
[debug] [2020-11-28T13:09:45.312Z] <<< HTTP RESPONSE 200 {"content-type":"application/json; charset=UTF-8","vary":"X-Origin, Referer, Origin,Accept-Encoding","date":"Sat, 28 Nov 2020 13:09:45 GMT","server":"ESF","cache-control":"private","x-xss-protection":"0","x-frame-options":"SAMEORIGIN","x-content-type-options":"nosniff","alt-svc":"h3-29=\":443\"; ma=2592000,h3-T051=\":443\"; ma=2592000,h3-Q050=\":443\"; ma=2592000,h3-Q046=\":443\"; ma=2592000,h3-Q043=\":443\"; ma=2592000,quic=\":443\"; ma=2592000; v=\"46,43\"","accept-ranges":"none","transfer-encoding":"chunked"}
[debug] [2020-11-28T13:09:47.322Z] >>> HTTP REQUEST GET https://cloudfunctions.googleapis.com/v1/operations/ZmVubmVsbC1zZWNyZXQtc2FudGEvZXVyb3BlLXdlc3QyL2F1dGgtY3JlYXRlVXNlckFjY291bnQvenU4RUlyem1xdDg  
 
[debug] [2020-11-28T13:09:47.444Z] <<< HTTP RESPONSE 200 {"content-type":"application/json; charset=UTF-8","vary":"X-Origin, Referer, Origin,Accept-Encoding","date":"Sat, 28 Nov 2020 13:09:47 GMT","server":"ESF","cache-control":"private","x-xss-protection":"0","x-frame-options":"SAMEORIGIN","x-content-type-options":"nosniff","alt-svc":"h3-29=\":443\"; ma=2592000,h3-T051=\":443\"; ma=2592000,h3-Q050=\":443\"; ma=2592000,h3-Q046=\":443\"; ma=2592000,h3-Q043=\":443\"; ma=2592000,quic=\":443\"; ma=2592000; v=\"46,43\"","accept-ranges":"none","transfer-encoding":"chunked"}
[debug] [2020-11-28T13:09:49.451Z] >>> HTTP REQUEST GET https://cloudfunctions.googleapis.com/v1/operations/ZmVubmVsbC1zZWNyZXQtc2FudGEvZXVyb3BlLXdlc3QyL2F1dGgtY3JlYXRlVXNlckFjY291bnQvenU4RUlyem1xdDg  
 
[debug] [2020-11-28T13:09:49.586Z] <<< HTTP RESPONSE 200 {"content-type":"application/json; charset=UTF-8","vary":"X-Origin, Referer, Origin,Accept-Encoding","date":"Sat, 28 Nov 2020 13:09:49 GMT","server":"ESF","cache-control":"private","x-xss-protection":"0","x-frame-options":"SAMEORIGIN","x-content-type-options":"nosniff","alt-svc":"h3-29=\":443\"; ma=2592000,h3-T051=\":443\"; ma=2592000,h3-Q050=\":443\"; ma=2592000,h3-Q046=\":443\"; ma=2592000,h3-Q043=\":443\"; ma=2592000,quic=\":443\"; ma=2592000; v=\"46,43\"","accept-ranges":"none","transfer-encoding":"chunked"}
[debug] [2020-11-28T13:09:51.594Z] >>> HTTP REQUEST GET https://cloudfunctions.googleapis.com/v1/operations/ZmVubmVsbC1zZWNyZXQtc2FudGEvZXVyb3BlLXdlc3QyL2F1dGgtY3JlYXRlVXNlckFjY291bnQvenU4RUlyem1xdDg  
 
[debug] [2020-11-28T13:09:51.703Z] <<< HTTP RESPONSE 200 {"content-type":"application/json; charset=UTF-8","vary":"X-Origin, Referer, Origin,Accept-Encoding","date":"Sat, 28 Nov 2020 13:09:51 GMT","server":"ESF","cache-control":"private","x-xss-protection":"0","x-frame-options":"SAMEORIGIN","x-content-type-options":"nosniff","alt-svc":"h3-29=\":443\"; ma=2592000,h3-T051=\":443\"; ma=2592000,h3-Q050=\":443\"; ma=2592000,h3-Q046=\":443\"; ma=2592000,h3-Q043=\":443\"; ma=2592000,quic=\":443\"; ma=2592000; v=\"46,43\"","accept-ranges":"none","transfer-encoding":"chunked"}
[debug] [2020-11-28T13:09:53.710Z] >>> HTTP REQUEST GET https://cloudfunctions.googleapis.com/v1/operations/ZmVubmVsbC1zZWNyZXQtc2FudGEvZXVyb3BlLXdlc3QyL2F1dGgtY3JlYXRlVXNlckFjY291bnQvenU4RUlyem1xdDg  
 
[debug] [2020-11-28T13:09:53.846Z] <<< HTTP RESPONSE 200 {"content-type":"application/json; charset=UTF-8","vary":"X-Origin, Referer, Origin,Accept-Encoding","date":"Sat, 28 Nov 2020 13:09:53 GMT","server":"ESF","cache-control":"private","x-xss-protection":"0","x-frame-options":"SAMEORIGIN","x-content-type-options":"nosniff","alt-svc":"h3-29=\":443\"; ma=2592000,h3-T051=\":443\"; ma=2592000,h3-Q050=\":443\"; ma=2592000,h3-Q046=\":443\"; ma=2592000,h3-Q043=\":443\"; ma=2592000,quic=\":443\"; ma=2592000; v=\"46,43\"","accept-ranges":"none","transfer-encoding":"chunked"}
[debug] [2020-11-28T13:09:55.855Z] >>> HTTP REQUEST GET https://cloudfunctions.googleapis.com/v1/operations/ZmVubmVsbC1zZWNyZXQtc2FudGEvZXVyb3BlLXdlc3QyL2F1dGgtY3JlYXRlVXNlckFjY291bnQvenU4RUlyem1xdDg  
 
[debug] [2020-11-28T13:09:55.980Z] <<< HTTP RESPONSE 200 {"content-type":"application/json; charset=UTF-8","vary":"X-Origin, Referer, Origin,Accept-Encoding","date":"Sat, 28 Nov 2020 13:09:56 GMT","server":"ESF","cache-control":"private","x-xss-protection":"0","x-frame-options":"SAMEORIGIN","x-content-type-options":"nosniff","alt-svc":"h3-29=\":443\"; ma=2592000,h3-T051=\":443\"; ma=2592000,h3-Q050=\":443\"; ma=2592000,h3-Q046=\":443\"; ma=2592000,h3-Q043=\":443\"; ma=2592000,quic=\":443\"; ma=2592000; v=\"46,43\"","accept-ranges":"none","transfer-encoding":"chunked"}
[debug] [2020-11-28T13:09:57.989Z] >>> HTTP REQUEST GET https://cloudfunctions.googleapis.com/v1/operations/ZmVubmVsbC1zZWNyZXQtc2FudGEvZXVyb3BlLXdlc3QyL2F1dGgtY3JlYXRlVXNlckFjY291bnQvenU4RUlyem1xdDg  
 
[debug] [2020-11-28T13:09:58.103Z] <<< HTTP RESPONSE 200 {"content-type":"application/json; charset=UTF-8","vary":"X-Origin, Referer, Origin,Accept-Encoding","date":"Sat, 28 Nov 2020 13:09:58 GMT","server":"ESF","cache-control":"private","x-xss-protection":"0","x-frame-options":"SAMEORIGIN","x-content-type-options":"nosniff","alt-svc":"h3-29=\":443\"; ma=2592000,h3-T051=\":443\"; ma=2592000,h3-Q050=\":443\"; ma=2592000,h3-Q046=\":443\"; ma=2592000,h3-Q043=\":443\"; ma=2592000,quic=\":443\"; ma=2592000; v=\"46,43\"","accept-ranges":"none","transfer-encoding":"chunked"}
[debug] [2020-11-28T13:10:00.119Z] >>> HTTP REQUEST GET https://cloudfunctions.googleapis.com/v1/operations/ZmVubmVsbC1zZWNyZXQtc2FudGEvZXVyb3BlLXdlc3QyL2F1dGgtY3JlYXRlVXNlckFjY291bnQvenU4RUlyem1xdDg  
 
[debug] [2020-11-28T13:10:00.269Z] <<< HTTP RESPONSE 200 {"content-type":"application/json; charset=UTF-8","vary":"X-Origin, Referer, Origin,Accept-Encoding","date":"Sat, 28 Nov 2020 13:10:00 GMT","server":"ESF","cache-control":"private","x-xss-protection":"0","x-frame-options":"SAMEORIGIN","x-content-type-options":"nosniff","alt-svc":"h3-29=\":443\"; ma=2592000,h3-T051=\":443\"; ma=2592000,h3-Q050=\":443\"; ma=2592000,h3-Q046=\":443\"; ma=2592000,h3-Q043=\":443\"; ma=2592000,quic=\":443\"; ma=2592000; v=\"46,43\"","accept-ranges":"none","transfer-encoding":"chunked"}
[debug] [2020-11-28T13:10:02.273Z] >>> HTTP REQUEST GET https://cloudfunctions.googleapis.com/v1/operations/ZmVubmVsbC1zZWNyZXQtc2FudGEvZXVyb3BlLXdlc3QyL2F1dGgtY3JlYXRlVXNlckFjY291bnQvenU4RUlyem1xdDg  
 
[debug] [2020-11-28T13:10:02.394Z] <<< HTTP RESPONSE 200 {"content-type":"application/json; charset=UTF-8","vary":"X-Origin, Referer, Origin,Accept-Encoding","date":"Sat, 28 Nov 2020 13:10:02 GMT","server":"ESF","cache-control":"private","x-xss-protection":"0","x-frame-options":"SAMEORIGIN","x-content-type-options":"nosniff","alt-svc":"h3-29=\":443\"; ma=2592000,h3-T051=\":443\"; ma=2592000,h3-Q050=\":443\"; ma=2592000,h3-Q046=\":443\"; ma=2592000,h3-Q043=\":443\"; ma=2592000,quic=\":443\"; ma=2592000; v=\"46,43\"","accept-ranges":"none","transfer-encoding":"chunked"}
[debug] [2020-11-28T13:10:04.406Z] >>> HTTP REQUEST GET https://cloudfunctions.googleapis.com/v1/operations/ZmVubmVsbC1zZWNyZXQtc2FudGEvZXVyb3BlLXdlc3QyL2F1dGgtY3JlYXRlVXNlckFjY291bnQvenU4RUlyem1xdDg  
 
[debug] [2020-11-28T13:10:04.520Z] <<< HTTP RESPONSE 200 {"content-type":"application/json; charset=UTF-8","vary":"X-Origin, Referer, Origin,Accept-Encoding","date":"Sat, 28 Nov 2020 13:10:04 GMT","server":"ESF","cache-control":"private","x-xss-protection":"0","x-frame-options":"SAMEORIGIN","x-content-type-options":"nosniff","alt-svc":"h3-29=\":443\"; ma=2592000,h3-T051=\":443\"; ma=2592000,h3-Q050=\":443\"; ma=2592000,h3-Q046=\":443\"; ma=2592000,h3-Q043=\":443\"; ma=2592000,quic=\":443\"; ma=2592000; v=\"46,43\"","accept-ranges":"none","transfer-encoding":"chunked"}
[debug] [2020-11-28T13:10:06.526Z] >>> HTTP REQUEST GET https://cloudfunctions.googleapis.com/v1/operations/ZmVubmVsbC1zZWNyZXQtc2FudGEvZXVyb3BlLXdlc3QyL2F1dGgtY3JlYXRlVXNlckFjY291bnQvenU4RUlyem1xdDg  
 
[debug] [2020-11-28T13:10:06.632Z] <<< HTTP RESPONSE 200 {"content-type":"application/json; charset=UTF-8","vary":"X-Origin, Referer, Origin,Accept-Encoding","date":"Sat, 28 Nov 2020 13:10:06 GMT","server":"ESF","cache-control":"private","x-xss-protection":"0","x-frame-options":"SAMEORIGIN","x-content-type-options":"nosniff","alt-svc":"h3-29=\":443\"; ma=2592000,h3-T051=\":443\"; ma=2592000,h3-Q050=\":443\"; ma=2592000,h3-Q046=\":443\"; ma=2592000,h3-Q043=\":443\"; ma=2592000,quic=\":443\"; ma=2592000; v=\"46,43\"","accept-ranges":"none","transfer-encoding":"chunked"}
[debug] [2020-11-28T13:10:08.640Z] >>> HTTP REQUEST GET https://cloudfunctions.googleapis.com/v1/operations/ZmVubmVsbC1zZWNyZXQtc2FudGEvZXVyb3BlLXdlc3QyL2F1dGgtY3JlYXRlVXNlckFjY291bnQvenU4RUlyem1xdDg  
 
[debug] [2020-11-28T13:10:08.760Z] <<< HTTP RESPONSE 200 {"content-type":"application/json; charset=UTF-8","vary":"X-Origin, Referer, Origin,Accept-Encoding","date":"Sat, 28 Nov 2020 13:10:08 GMT","server":"ESF","cache-control":"private","x-xss-protection":"0","x-frame-options":"SAMEORIGIN","x-content-type-options":"nosniff","alt-svc":"h3-29=\":443\"; ma=2592000,h3-T051=\":443\"; ma=2592000,h3-Q050=\":443\"; ma=2592000,h3-Q046=\":443\"; ma=2592000,h3-Q043=\":443\"; ma=2592000,quic=\":443\"; ma=2592000; v=\"46,43\"","accept-ranges":"none","transfer-encoding":"chunked"}
[debug] [2020-11-28T13:10:10.771Z] >>> HTTP REQUEST GET https://cloudfunctions.googleapis.com/v1/operations/ZmVubmVsbC1zZWNyZXQtc2FudGEvZXVyb3BlLXdlc3QyL2F1dGgtY3JlYXRlVXNlckFjY291bnQvenU4RUlyem1xdDg  
 
[debug] [2020-11-28T13:10:10.884Z] <<< HTTP RESPONSE 200 {"content-type":"application/json; charset=UTF-8","vary":"X-Origin, Referer, Origin,Accept-Encoding","date":"Sat, 28 Nov 2020 13:10:10 GMT","server":"ESF","cache-control":"private","x-xss-protection":"0","x-frame-options":"SAMEORIGIN","x-content-type-options":"nosniff","alt-svc":"h3-29=\":443\"; ma=2592000,h3-T051=\":443\"; ma=2592000,h3-Q050=\":443\"; ma=2592000,h3-Q046=\":443\"; ma=2592000,h3-Q043=\":443\"; ma=2592000,quic=\":443\"; ma=2592000; v=\"46,43\"","accept-ranges":"none","transfer-encoding":"chunked"}
[debug] [2020-11-28T13:10:12.899Z] >>> HTTP REQUEST GET https://cloudfunctions.googleapis.com/v1/operations/ZmVubmVsbC1zZWNyZXQtc2FudGEvZXVyb3BlLXdlc3QyL2F1dGgtY3JlYXRlVXNlckFjY291bnQvenU4RUlyem1xdDg  
 
[debug] [2020-11-28T13:10:13.013Z] <<< HTTP RESPONSE 200 {"content-type":"application/json; charset=UTF-8","vary":"X-Origin, Referer, Origin,Accept-Encoding","date":"Sat, 28 Nov 2020 13:10:13 GMT","server":"ESF","cache-control":"private","x-xss-protection":"0","x-frame-options":"SAMEORIGIN","x-content-type-options":"nosniff","alt-svc":"h3-29=\":443\"; ma=2592000,h3-T051=\":443\"; ma=2592000,h3-Q050=\":443\"; ma=2592000,h3-Q046=\":443\"; ma=2592000,h3-Q043=\":443\"; ma=2592000,quic=\":443\"; ma=2592000; v=\"46,43\"","accept-ranges":"none","transfer-encoding":"chunked"}
[debug] [2020-11-28T13:10:15.022Z] >>> HTTP REQUEST GET https://cloudfunctions.googleapis.com/v1/operations/ZmVubmVsbC1zZWNyZXQtc2FudGEvZXVyb3BlLXdlc3QyL2F1dGgtY3JlYXRlVXNlckFjY291bnQvenU4RUlyem1xdDg  
 
[debug] [2020-11-28T13:10:15.144Z] <<< HTTP RESPONSE 200 {"content-type":"application/json; charset=UTF-8","vary":"X-Origin, Referer, Origin,Accept-Encoding","date":"Sat, 28 Nov 2020 13:10:15 GMT","server":"ESF","cache-control":"private","x-xss-protection":"0","x-frame-options":"SAMEORIGIN","x-content-type-options":"nosniff","alt-svc":"h3-29=\":443\"; ma=2592000,h3-T051=\":443\"; ma=2592000,h3-Q050=\":443\"; ma=2592000,h3-Q046=\":443\"; ma=2592000,h3-Q043=\":443\"; ma=2592000,quic=\":443\"; ma=2592000; v=\"46,43\"","accept-ranges":"none","transfer-encoding":"chunked"}
[debug] [2020-11-28T13:10:17.148Z] >>> HTTP REQUEST GET https://cloudfunctions.googleapis.com/v1/operations/ZmVubmVsbC1zZWNyZXQtc2FudGEvZXVyb3BlLXdlc3QyL2F1dGgtY3JlYXRlVXNlckFjY291bnQvenU4RUlyem1xdDg  
 
[debug] [2020-11-28T13:10:17.281Z] <<< HTTP RESPONSE 200 {"content-type":"application/json; charset=UTF-8","vary":"X-Origin, Referer, Origin,Accept-Encoding","date":"Sat, 28 Nov 2020 13:10:17 GMT","server":"ESF","cache-control":"private","x-xss-protection":"0","x-frame-options":"SAMEORIGIN","x-content-type-options":"nosniff","alt-svc":"h3-29=\":443\"; ma=2592000,h3-T051=\":443\"; ma=2592000,h3-Q050=\":443\"; ma=2592000,h3-Q046=\":443\"; ma=2592000,h3-Q043=\":443\"; ma=2592000,quic=\":443\"; ma=2592000; v=\"46,43\"","accept-ranges":"none","transfer-encoding":"chunked"}
[debug] [2020-11-28T13:10:19.294Z] >>> HTTP REQUEST GET https://cloudfunctions.googleapis.com/v1/operations/ZmVubmVsbC1zZWNyZXQtc2FudGEvZXVyb3BlLXdlc3QyL2F1dGgtY3JlYXRlVXNlckFjY291bnQvenU4RUlyem1xdDg  
 
[debug] [2020-11-28T13:10:19.402Z] <<< HTTP RESPONSE 200 {"content-type":"application/json; charset=UTF-8","vary":"X-Origin, Referer, Origin,Accept-Encoding","date":"Sat, 28 Nov 2020 13:10:19 GMT","server":"ESF","cache-control":"private","x-xss-protection":"0","x-frame-options":"SAMEORIGIN","x-content-type-options":"nosniff","alt-svc":"h3-29=\":443\"; ma=2592000,h3-T051=\":443\"; ma=2592000,h3-Q050=\":443\"; ma=2592000,h3-Q046=\":443\"; ma=2592000,h3-Q043=\":443\"; ma=2592000,quic=\":443\"; ma=2592000; v=\"46,43\"","accept-ranges":"none","transfer-encoding":"chunked"}
[debug] [2020-11-28T13:10:21.414Z] >>> HTTP REQUEST GET https://cloudfunctions.googleapis.com/v1/operations/ZmVubmVsbC1zZWNyZXQtc2FudGEvZXVyb3BlLXdlc3QyL2F1dGgtY3JlYXRlVXNlckFjY291bnQvenU4RUlyem1xdDg  
 
[debug] [2020-11-28T13:10:21.550Z] <<< HTTP RESPONSE 200 {"content-type":"application/json; charset=UTF-8","vary":"X-Origin, Referer, Origin,Accept-Encoding","date":"Sat, 28 Nov 2020 13:10:21 GMT","server":"ESF","cache-control":"private","x-xss-protection":"0","x-frame-options":"SAMEORIGIN","x-content-type-options":"nosniff","alt-svc":"h3-29=\":443\"; ma=2592000,h3-T051=\":443\"; ma=2592000,h3-Q050=\":443\"; ma=2592000,h3-Q046=\":443\"; ma=2592000,h3-Q043=\":443\"; ma=2592000,quic=\":443\"; ma=2592000; v=\"46,43\"","accept-ranges":"none","transfer-encoding":"chunked"}
[info] +  functions[auth-createUserAccount(europe-west2)]: Successful create operation.  
[info] 
[info] +  Deploy complete! 
[info] 
[info] Project Console: https://console.firebase.google.com/project/fennell-secret-santa/overview
[debug] [2020-11-28T13:11:09.813Z] ----------------------------------------------------------------------
[debug] [2020-11-28T13:11:09.815Z] Command:       C:\Program Files\nodejs\node.exe C:\Users\mfenn\AppData\Roaming\npm\node_modules\firebase-tools\lib\bin\firebase.js functions:shell
[debug] [2020-11-28T13:11:09.815Z] CLI Version:   8.16.2
[debug] [2020-11-28T13:11:09.815Z] Platform:      win32
[debug] [2020-11-28T13:11:09.815Z] Node Version:  v10.13.0
[debug] [2020-11-28T13:11:09.817Z] Time:          Sat Nov 28 2020 13:11:09 GMT+0000 (Greenwich Mean Time)
[debug] [2020-11-28T13:11:09.817Z] ----------------------------------------------------------------------
[debug] [2020-11-28T13:11:09.817Z] 
[debug] [2020-11-28T13:11:09.827Z] > command requires scopes: ["email","openid","https://www.googleapis.com/auth/cloudplatformprojects.readonly","https://www.googleapis.com/auth/firebase","https://www.googleapis.com/auth/cloud-platform"]
[debug] [2020-11-28T13:11:09.827Z] > authorizing via signed-in user
[debug] [2020-11-28T13:11:09.828Z] [iam] checking project fennell-secret-santa for permissions ["firebase.projects.get"]
[debug] [2020-11-28T13:11:09.831Z] >>> HTTP REQUEST POST https://cloudresourcemanager.googleapis.com/v1/projects/fennell-secret-santa:testIamPermissions  
 {"permissions":["firebase.projects.get"]}
[debug] [2020-11-28T13:11:10.524Z] <<< HTTP RESPONSE 200 {"content-type":"application/json; charset=UTF-8","vary":"X-Origin, Referer, Origin,Accept-Encoding","date":"Sat, 28 Nov 2020 13:11:10 GMT","server":"ESF","cache-control":"private","x-xss-protection":"0","x-frame-options":"SAMEORIGIN","x-content-type-options":"nosniff","server-timing":"gfet4t7; dur=540","alt-svc":"h3-29=\":443\"; ma=2592000,h3-T051=\":443\"; ma=2592000,h3-Q050=\":443\"; ma=2592000,h3-Q046=\":443\"; ma=2592000,h3-Q043=\":443\"; ma=2592000,quic=\":443\"; ma=2592000; v=\"46,43\"","accept-ranges":"none","transfer-encoding":"chunked"}
[warn] !  Your requested "node" version "12" doesn't match your global version "10" {"metadata":{"emulator":{"name":"functions"},"message":"Your requested \"node\" version \"12\" doesn't match your global version \"10\""}}
[debug] [2020-11-28T13:11:12.570Z] defaultcredentials: writing to file C:\Users\mfenn\AppData\Roaming\firebase\pampoomiofennell_gmail_com_application_default_credentials.json
[debug] [2020-11-28T13:11:12.572Z] DEBUG: Setting GAC to C:\Users\mfenn\AppData\Roaming\firebase\pampoomiofennell_gmail_com_application_default_credentials.json
[debug] [2020-11-28T13:11:12.585Z] [functions] Watching "C:\Users\mfenn\Google Drive\Coding\secret-santa\functions" for Cloud Functions...
[debug] [2020-11-28T13:11:12.605Z] DEBUG: [worker-pool] addWorker(~diagnostic~)
[debug] [2020-11-28T13:11:12.605Z] DEBUG: [worker-pool] Adding worker with key ~diagnostic~, total=1
[debug] [2020-11-28T13:11:12.605Z] DEBUG: [worker-pool] submitWork(triggerId=)
[debug] [2020-11-28T13:11:12.606Z] DEBUG: [worker-~diagnostic~-8b2a643c-68ed-4e2b-a976-0cb278867a1e]: Assigning socketPath: \\?\pipe\C:\Users\mfenn\Google Drive\Coding\secret-santa\functions\18948
[debug] [2020-11-28T13:11:12.606Z] DEBUG: [worker-~diagnostic~-8b2a643c-68ed-4e2b-a976-0cb278867a1e]: BUSY
[debug] [2020-11-28T13:11:13.394Z] DEBUG: [runtime-status] [18948] Functions runtime initialized. {"cwd":"C:\\Users\\mfenn\\Google Drive\\Coding\\secret-santa\\functions","node_version":"10.13.0"}
[debug] [2020-11-28T13:11:13.398Z] DEBUG: [runtime-status] [18948] Disabled runtime features: undefined
[debug] [2020-11-28T13:11:13.403Z] DEBUG: [runtime-status] [18948] Resolved module firebase-admin {"declared":true,"installed":true,"version":"9.4.1","resolution":"C:\\Users\\mfenn\\Google Drive\\Coding\\secret-santa\\functions\\node_modules\\firebase-admin\\lib\\index.js"}
[debug] [2020-11-28T13:11:13.405Z] DEBUG: [runtime-status] [18948] Resolved module firebase-functions {"declared":true,"installed":true,"version":"3.11.0","resolution":"C:\\Users\\mfenn\\Google Drive\\Coding\\secret-santa\\functions\\node_modules\\firebase-functions\\lib\\index.js"}
[debug] [2020-11-28T13:11:13.408Z] DEBUG: [runtime-status] [18948] Resolved module firebase-functions {"declared":true,"installed":true,"version":"3.11.0","resolution":"C:\\Users\\mfenn\\Google Drive\\Coding\\secret-santa\\functions\\node_modules\\firebase-functions\\lib\\index.js"}
[debug] [2020-11-28T13:11:13.414Z] DEBUG: [runtime-status] [18948] Outgoing network have been stubbed. [{"name":"http","status":"mocked"},{"name":"http","status":"mocked"},{"name":"https","status":"mocked"},{"name":"https","status":"mocked"},{"name":"net","status":"mocked"}]
[debug] [2020-11-28T13:11:13.416Z] DEBUG: [runtime-status] [18948] Resolved module firebase-functions {"declared":true,"installed":true,"version":"3.11.0","resolution":"C:\\Users\\mfenn\\Google Drive\\Coding\\secret-santa\\functions\\node_modules\\firebase-functions\\lib\\index.js"}
[debug] [2020-11-28T13:11:13.496Z] DEBUG: [runtime-status] [18948] Checked functions.config() {"config":{}}
[debug] [2020-11-28T13:11:13.496Z] DEBUG: [runtime-status] [18948] firebase-functions has been stubbed. {"functionsResolution":{"declared":true,"installed":true,"version":"3.11.0","resolution":"C:\\Users\\mfenn\\Google Drive\\Coding\\secret-santa\\functions\\node_modules\\firebase-functions\\lib\\index.js"}}
[debug] [2020-11-28T13:11:13.497Z] DEBUG: [runtime-status] [18948] Resolved module firebase-functions {"declared":true,"installed":true,"version":"3.11.0","resolution":"C:\\Users\\mfenn\\Google Drive\\Coding\\secret-santa\\functions\\node_modules\\firebase-functions\\lib\\index.js"}
[debug] [2020-11-28T13:11:13.499Z] DEBUG: [runtime-status] [18948] Resolved module firebase-admin {"declared":true,"installed":true,"version":"9.4.1","resolution":"C:\\Users\\mfenn\\Google Drive\\Coding\\secret-santa\\functions\\node_modules\\firebase-admin\\lib\\index.js"}
[debug] [2020-11-28T13:11:13.499Z] DEBUG: [runtime-status] [18948] Resolved module firebase-functions {"declared":true,"installed":true,"version":"3.11.0","resolution":"C:\\Users\\mfenn\\Google Drive\\Coding\\secret-santa\\functions\\node_modules\\firebase-functions\\lib\\index.js"}
[debug] [2020-11-28T13:11:13.500Z] DEBUG: [runtime-status] [18948] firebase-admin has been stubbed. {"adminResolution":{"declared":true,"installed":true,"version":"9.4.1","resolution":"C:\\Users\\mfenn\\Google Drive\\Coding\\secret-santa\\functions\\node_modules\\firebase-admin\\lib\\index.js"}}
[warn] !  It looks like you're trying to access functions.config().firebase but there is no value there. You can learn more about setting up config here: https://firebase.google.com/docs/functions/local-emulator {"metadata":{"emulator":{"name":"functions"},"message":"It looks like you're trying to access functions.config().firebase but there is no value there. You can learn more about setting up config here: https://firebase.google.com/docs/functions/local-emulator"}}
[debug] [2020-11-28T13:11:13.503Z] DEBUG: [runtime-status] [18948] initializeApp(DEFAULT) {"databaseURL":"https://fennell-secret-santa.firebaseio.com","storageBucket":"fennell-secret-santa.appspot.com","projectId":"fennell-secret-santa"}
[warn] !  functions: The Cloud Firestore emulator is not running, so calls to Firestore will affect production. {"metadata":{"emulator":{"name":"functions"},"message":"The Cloud Firestore emulator is not running, so calls to Firestore will affect production."}}
[debug] [2020-11-28T13:11:13.977Z] addAuthTrigger {"eventTrigger":{"resource":"projects/fennell-secret-santa","eventType":"providers/firebase.auth/eventTypes/user.create","service":"firebaseauth.googleapis.com"}}
[debug] [2020-11-28T13:11:13.977Z] [functions[auth-createUserAccount]] auth function initialized.
[info] i  functions: Loaded functions: auth.createUserAccount 
[warn] !  functions: The following emulators are not running, calls to these services will affect production: firestore, database, pubsub 
[debug] [2020-11-28T13:11:13.989Z] DEBUG: [worker-~diagnostic~-8b2a643c-68ed-4e2b-a976-0cb278867a1e]: IDLE
